[2025-05-12 04:06:57][SERVER] === Server Started ===
[2025-05-12 22:23:06][SERVER] === Server Started ===
[2025-05-12 22:24:21][CONNECT] Socket:404 IP:10.250.37.200
[2025-05-12 22:24:28][RECV_DECRYPTED] [404] LOGIN|us|-
[2025-05-12 22:24:28][SEND_PLAIN] [404] LOGIN|-|us
[2025-05-12 22:24:28][SEND_ENCRYPTED] [404] 65 F9 AE D9 D4 6C 81 90 B8 40 EB 37 A2 64 AB 0C
[2025-05-12 22:24:28][USER_LOGIN] [404] us
[2025-05-12 22:25:58][CONNECT] Socket:412 IP:10.253.8.32
[2025-05-12 22:26:19][RECV_DECRYPTED] [412] LOGIN|Jason|-
[2025-05-12 22:26:19][SEND_PLAIN] [412] LOGIN|-|Jason
[2025-05-12 22:26:19][SEND_ENCRYPTED] [412] 65 F9 AE D9 D4 6C 81 90 09 28 B9 AE 5C 84 9C 2B
[2025-05-12 22:26:19][USER_LOGIN] [412] Jason
[2025-05-12 22:26:22][RECV_DECRYPTED] [412] LIST|USERS|-
[2025-05-12 22:26:22][SEND_PLAIN] [412] USERS|-|us,Jason
[2025-05-12 22:26:22][SEND_ENCRYPTED] [412] A6 36 9A 81 F1 1F CC 0E 36 D1 EF 44 A1 A2 9C A6 F1 82 E8 71 C4 70 3E 18
[2025-05-12 22:32:34][CONNECT] Socket:436 IP:10.253.8.32
[2025-05-12 22:32:41][RECV_DECRYPTED] [436] LOGIN|Lux|-
[2025-05-12 22:32:41][SEND_PLAIN] [436] LOGIN|-|Lux
[2025-05-12 22:32:41][SEND_ENCRYPTED] [436] 65 F9 AE D9 D4 6C 81 90 76 14 E3 7A EE 8F 70 4F
[2025-05-12 22:32:41][USER_LOGIN] [436] Lux
[2025-05-12 22:32:43][RECV_DECRYPTED] [436] LIST|USERS|-
[2025-05-12 22:32:43][SEND_PLAIN] [436] USERS|-|us,Jason,Lux
[2025-05-12 22:32:43][SEND_ENCRYPTED] [436] A6 36 9A 81 F1 1F CC 0E 36 D1 EF 44 A1 A2 9C A6 A7 A7 9E 49 05 4B 18 37
[2025-05-12 22:32:58][RECV_DECRYPTED] [436] CREATE|gp1|-
[2025-05-12 22:32:58][SEND_PLAIN] [436] CREATE|-|gp1
[2025-05-12 22:32:58][SEND_ENCRYPTED] [436] 85 1E 77 E6 69 F7 6E 6E B6 48 2A AA 74 D8 37 C1
[2025-05-12 22:32:58][GROUP_CREATE] Group:gp1 Owner:Lux
[2025-05-12 22:32:58][RECV_DECRYPTED] [436] LIST|GROUPS|-
[2025-05-12 22:32:58][SEND_PLAIN] [436] GROUPS|-|gp1 (Group owner: Lux)
[2025-05-12 22:32:58][SEND_ENCRYPTED] [436] 99 35 D2 45 8E DB F1 22 46 AF A4 A1 87 60 8F F4 93 9D 52 27 D6 23 D5 DC 06 53 51 A4 78 41 96 20
[2025-05-12 22:33:10][RECV_DECRYPTED] [412] JOIN|gp1|-
[2025-05-12 22:33:10][SEND_PLAIN] [412] JOIN|-|gp1
[2025-05-12 22:33:10][SEND_ENCRYPTED] [412] 79 8E BC DD 16 3D 83 B6 B5 F4 0F 7A A4 69 B3 B2
[2025-05-12 22:33:10][SEND_PLAIN] [436] SYS|-|User Jason joined group gp1
[2025-05-12 22:33:10][SEND_ENCRYPTED] [436] 00 4E 3B 8E A6 25 BD AD FA 48 6D 2F 27 DA AA BB 46 02 CD C6 4F BA 7F 50 EB 33 01 E6 EB 84 4D 98 11 E0 1B BF AF 84 F9 D5
[2025-05-12 22:33:10][GROUP_JOIN] Group:gp1 User:Jason
[2025-05-12 22:33:20][RECV_DECRYPTED] [436] LIST|GROUPS|-
[2025-05-12 22:33:20][SEND_PLAIN] [436] GROUPS|-|gp1 (Group owner: Lux)
[2025-05-12 22:33:20][SEND_ENCRYPTED] [436] 99 35 D2 45 8E DB F1 22 46 AF A4 A1 87 60 8F F4 93 9D 52 27 D6 23 D5 DC 06 53 51 A4 78 41 96 20
[2025-05-12 22:33:21][RECV_DECRYPTED] [436] LIST|USERS|-
[2025-05-12 22:33:21][SEND_PLAIN] [436] USERS|-|us,Jason,Lux
[2025-05-12 22:33:21][SEND_ENCRYPTED] [436] A6 36 9A 81 F1 1F CC 0E 36 D1 EF 44 A1 A2 9C A6 A7 A7 9E 49 05 4B 18 37
[2025-05-12 22:33:30][RECV_DECRYPTED] [436] PRIVATE|Jason|hello
[2025-05-12 22:33:30][SEND_PLAIN] [412] PRIVATE|Lux|hello
[2025-05-12 22:33:30][SEND_ENCRYPTED] [412] C4 53 DB 48 99 2A 23 BD A6 3A 16 C0 91 E7 2C AD 23 56 88 4D 63 96 1A A2
[2025-05-12 22:33:30][PRIVATE_MSG] From:Lux To:Jason Len:5
[2025-05-12 22:33:34][RECV_DECRYPTED] [436] PUBLIC|-|hello
[2025-05-12 22:33:34][SEND_PLAIN] [412] PUBLIC|Lux|hello
[2025-05-12 22:33:34][SEND_ENCRYPTED] [412] 96 8E 9D 53 60 94 B0 5E 8F B4 A2 AE BC 50 9F E2 F1 82 E8 71 C4 70 3E 18
[2025-05-12 22:33:34][SEND_PLAIN] [404] PUBLIC|Lux|hello
[2025-05-12 22:33:34][SEND_ENCRYPTED] [404] 96 8E 9D 53 60 94 B0 5E 8F B4 A2 AE BC 50 9F E2 F1 82 E8 71 C4 70 3E 18
[2025-05-12 22:33:34][PUBLIC_MSG] From:Lux Len:5
[2025-05-12 22:33:43][RECV_DECRYPTED] [436] PRIVATE|Jason|hello
[2025-05-12 22:33:43][SEND_PLAIN] [412] PRIVATE|Lux|hello
[2025-05-12 22:33:43][SEND_ENCRYPTED] [412] C4 53 DB 48 99 2A 23 BD A6 3A 16 C0 91 E7 2C AD 23 56 88 4D 63 96 1A A2
[2025-05-12 22:33:43][PRIVATE_MSG] From:Lux To:Jason Len:5
[2025-05-12 22:33:44][RECV_DECRYPTED] [436] PRIVATE|Jason|hello
[2025-05-12 22:33:44][SEND_PLAIN] [412] PRIVATE|Lux|hello
[2025-05-12 22:33:44][SEND_ENCRYPTED] [412] C4 53 DB 48 99 2A 23 BD A6 3A 16 C0 91 E7 2C AD 23 56 88 4D 63 96 1A A2
[2025-05-12 22:33:44][PRIVATE_MSG] From:Lux To:Jason Len:5
[2025-05-12 22:34:07][RECV_DECRYPTED] [436] PRIVATE|us|hello, this is from gui client
[2025-05-12 22:34:07][SEND_PLAIN] [404] PRIVATE|Lux|hello, this is from gui client
[2025-05-12 22:34:07][SEND_ENCRYPTED] [404] C4 53 DB 48 99 2A 23 BD A6 3A 16 C0 91 E7 2C AD 17 1B E1 27 34 E8 56 B4 F8 35 C8 1A 6A 44 F7 EF 29 40 23 35 61 C9 A4 DA 35 F4 12 BF 69 E0 5E C8
[2025-05-12 22:34:07][PRIVATE_MSG] From:Lux To:us Len:30
[2025-05-12 22:34:17][RECV_DECRYPTED] [436] LIST|GROUPS|-
[2025-05-12 22:34:17][SEND_PLAIN] [436] GROUPS|-|gp1 (Group owner: Lux)
[2025-05-12 22:34:17][SEND_ENCRYPTED] [436] 99 35 D2 45 8E DB F1 22 46 AF A4 A1 87 60 8F F4 93 9D 52 27 D6 23 D5 DC 06 53 51 A4 78 41 96 20
[2025-05-12 22:34:22][RECV_DECRYPTED] [436] LIST|USERS|-
[2025-05-12 22:34:22][SEND_PLAIN] [436] USERS|-|us,Jason,Lux
[2025-05-12 22:34:22][SEND_ENCRYPTED] [436] A6 36 9A 81 F1 1F CC 0E 36 D1 EF 44 A1 A2 9C A6 A7 A7 9E 49 05 4B 18 37
[2025-05-12 22:34:24][RECV_DECRYPTED] [436] LIST|GROUPS|-
[2025-05-12 22:34:24][SEND_PLAIN] [436] GROUPS|-|gp1 (Group owner: Lux)
[2025-05-12 22:34:24][SEND_ENCRYPTED] [436] 99 35 D2 45 8E DB F1 22 46 AF A4 A1 87 60 8F F4 93 9D 52 27 D6 23 D5 DC 06 53 51 A4 78 41 96 20
[2025-05-12 22:34:35][RECV_DECRYPTED] [412] CREATE|gp2|-
[2025-05-12 22:34:35][SEND_PLAIN] [412] CREATE|-|gp2
[2025-05-12 22:34:35][SEND_ENCRYPTED] [412] 85 1E 77 E6 69 F7 6E 6E 54 2F 74 6B F3 A6 F8 85
[2025-05-12 22:34:35][GROUP_CREATE] Group:gp2 Owner:Jason
[2025-05-12 22:34:38][RECV_DECRYPTED] [436] LIST|GROUPS|-
[2025-05-12 22:34:38][SEND_PLAIN] [436] GROUPS|-|gp1 (Group owner: Lux),gp2 (Group owner: Jason)
[2025-05-12 22:34:38][SEND_ENCRYPTED] [436] 99 35 D2 45 8E DB F1 22 46 AF A4 A1 87 60 8F F4 93 9D 52 27 D6 23 D5 DC D2 44 E7 86 0F 5D A5 B4 2A 85 C6 1D AD F9 D7 28 B2 80 75 48 0D BC 2F 03 87 AE 13 85 68 A9 56 23 F1 82 E8 71 C4 70 3E 18
[2025-05-12 22:34:45][RECV_DECRYPTED] [436] PUBLIC|-|hello
[2025-05-12 22:34:45][SEND_PLAIN] [412] PUBLIC|Lux|hello
[2025-05-12 22:34:45][SEND_ENCRYPTED] [412] 96 8E 9D 53 60 94 B0 5E 8F B4 A2 AE BC 50 9F E2 F1 82 E8 71 C4 70 3E 18
[2025-05-12 22:34:45][SEND_PLAIN] [404] PUBLIC|Lux|hello
[2025-05-12 22:34:45][SEND_ENCRYPTED] [404] 96 8E 9D 53 60 94 B0 5E 8F B4 A2 AE BC 50 9F E2 F1 82 E8 71 C4 70 3E 18
[2025-05-12 22:34:45][PUBLIC_MSG] From:Lux Len:5
[2025-05-12 22:34:59][RECV_DECRYPTED] [436] JOIN|gp2|-
[2025-05-12 22:34:59][SEND_PLAIN] [436] JOIN|-|gp2
[2025-05-12 22:34:59][SEND_ENCRYPTED] [436] 79 8E BC DD 16 3D 83 B6 88 07 25 43 45 25 80 84
[2025-05-12 22:34:59][SEND_PLAIN] [412] SYS|-|User Lux joined group gp2
[2025-05-12 22:34:59][SEND_ENCRYPTED] [412] 00 4E 3B 8E A6 25 BD AD 7B 9F 11 C0 79 E1 C8 F8 A3 95 98 79 DB B4 F9 96 E2 62 FF EB 7F 39 80 46
[2025-05-12 22:34:59][GROUP_JOIN] Group:gp2 User:Lux
[2025-05-12 22:35:02][RECV_DECRYPTED] [436] GROUP|gp2|hello
[2025-05-12 22:35:02][SEND_PLAIN] [412] GROUP|gp2|Lux|hello
[2025-05-12 22:35:02][SEND_ENCRYPTED] [412] 16 29 32 8F 8F C7 D9 37 4B F7 D8 C8 BE D6 EC 83 BA AF 16 23 E0 BC DA E6
[2025-05-12 22:35:02][GROUP_MSG] Group:gp2 From:Lux Len:5
[2025-05-12 22:35:22][RECV_DECRYPTED] [412] KICK|gp2|Lux
[2025-05-12 22:35:22][SEND_PLAIN] [436] SYS|-|You have been kicked out of the group gp2
[2025-05-12 22:35:22][SEND_ENCRYPTED] [436] D5 76 10 D0 2E 30 88 11 96 7F F5 FE 07 31 75 05 6B CA 31 2E F7 66 4B 81 D0 49 3B 92 68 67 33 10 0B B1 9D 1B 4B 66 3E 15 E2 62 FF EB 7F 39 80 46
[2025-05-12 22:35:22][SEND_PLAIN] [412] SYS|-|User Lux has been kicked out of the group gp2
[2025-05-12 22:35:22][SEND_ENCRYPTED] [412] 00 4E 3B 8E A6 25 BD AD B8 DF 0D 20 DC A0 47 58 1C E8 9A 68 8B A0 26 AB D2 99 74 8D 14 91 5F 4A 49 B1 92 0A 2D 88 77 FD 8D 16 33 CD 77 9F 52 63 DC 77 76 91 AF 34 0D 45
[2025-05-12 22:35:29][RECV_DECRYPTED] [436] GROUP|gp2|hello
[2025-05-12 22:35:29][SEND_PLAIN] [436] SYS|-|You are not in this group and cannot speak
[2025-05-12 22:35:29][SEND_ENCRYPTED] [436] D5 76 10 D0 2E 30 88 11 B4 89 3A A3 B3 A9 9C E5 91 E2 86 86 C7 59 9F A4 D3 BB 25 22 36 FB E8 97 67 2D CB DD FC 08 56 40 AB 93 18 A7 46 99 F1 EA F1 82 E8 71 C4 70 3E 18
[2025-05-12 22:35:32][RECV_DECRYPTED] [436] GROUP|gp2|hello
[2025-05-12 22:35:32][SEND_PLAIN] [436] SYS|-|You are not in this group and cannot speak
[2025-05-12 22:35:32][SEND_ENCRYPTED] [436] D5 76 10 D0 2E 30 88 11 B4 89 3A A3 B3 A9 9C E5 91 E2 86 86 C7 59 9F A4 D3 BB 25 22 36 FB E8 97 67 2D CB DD FC 08 56 40 AB 93 18 A7 46 99 F1 EA F1 82 E8 71 C4 70 3E 18
[2025-05-12 22:35:32][RECV_DECRYPTED] [436] GROUP|gp2|hello
[2025-05-12 22:35:32][SEND_PLAIN] [436] SYS|-|You are not in this group and cannot speak
[2025-05-12 22:35:32][SEND_ENCRYPTED] [436] D5 76 10 D0 2E 30 88 11 B4 89 3A A3 B3 A9 9C E5 91 E2 86 86 C7 59 9F A4 D3 BB 25 22 36 FB E8 97 67 2D CB DD FC 08 56 40 AB 93 18 A7 46 99 F1 EA F1 82 E8 71 C4 70 3E 18
[2025-05-12 22:35:39][RECV_DECRYPTED] [436] LEAVE|gp2|-
[2025-05-12 22:35:39][SEND_PLAIN] [436] SYS|-|You are not in this group
[2025-05-12 22:35:39][SEND_ENCRYPTED] [436] D5 76 10 D0 2E 30 88 11 B4 89 3A A3 B3 A9 9C E5 91 E2 86 86 C7 59 9F A4 1F B5 C6 6C 1D 86 DB 91
[2025-05-12 22:35:43][RECV_DECRYPTED] [436] LEAVE|gp2|-
[2025-05-12 22:35:43][SEND_PLAIN] [436] SYS|-|You are not in this group
[2025-05-12 22:35:43][SEND_ENCRYPTED] [436] D5 76 10 D0 2E 30 88 11 B4 89 3A A3 B3 A9 9C E5 91 E2 86 86 C7 59 9F A4 1F B5 C6 6C 1D 86 DB 91
[2025-05-12 22:36:04][RECV_DECRYPTED] [436] MEMBERS|gp2|-
[2025-05-12 22:36:04][SEND_PLAIN] [436] SYS|-|Group members: Jason 
[2025-05-12 22:36:04][SEND_ENCRYPTED] [436] 13 50 A7 29 0A 42 E7 CB C4 51 26 18 2A ED 48 B9 56 0A CA 49 49 A1 2B 0D B7 CF C2 7F 13 92 93 84
[2025-05-12 22:36:04][RECV_DECRYPTED] [436] MUTED|gp2|-
[2025-05-12 22:36:04][SEND_PLAIN] [436] SYS|-|You are not in this group and cannot view the muted list
[2025-05-12 22:36:04][SEND_ENCRYPTED] [436] D5 76 10 D0 2E 30 88 11 B4 89 3A A3 B3 A9 9C E5 91 E2 86 86 C7 59 9F A4 D3 BB 25 22 36 FB E8 97 67 2D CB DD FC 08 56 40 92 E1 D3 68 83 60 A8 79 1E C5 ED 73 EA B4 8D 02 26 28 4A E8 61 3E 79 76
[2025-05-12 22:36:09][RECV_DECRYPTED] [436] MEMBERS|gp1|-
[2025-05-12 22:36:09][SEND_PLAIN] [436] SYS|-|Group members: Lux Jason 
[2025-05-12 22:36:09][SEND_ENCRYPTED] [436] 13 50 A7 29 0A 42 E7 CB C4 51 26 18 2A ED 48 B9 7E 45 31 74 BA 59 21 02 21 A0 63 07 B3 07 E4 F0
[2025-05-12 22:36:09][RECV_DECRYPTED] [436] MUTED|gp1|-
[2025-05-12 22:36:09][SEND_PLAIN] [436] MUTED|gp1|(No muted members)
[2025-05-12 22:36:09][SEND_ENCRYPTED] [436] 1D D6 19 BE A3 41 1E 3C 60 7D 35 6E C8 3B E4 6D 6F EA 05 0C 92 EA 3E D7 AA 40 F2 BE 29 9E 46 0E
[2025-05-12 22:36:09][GROUP_MUTED_LIST] Group:gp1 User:Lux
[2025-05-12 22:36:17][RECV_DECRYPTED] [412] JOIN|gp1|-
[2025-05-12 22:36:17][SEND_PLAIN] [412] SYS|-|You are already in this group
[2025-05-12 22:36:17][SEND_ENCRYPTED] [412] D5 76 10 D0 2E 30 88 11 44 5E 9C D8 65 4D 15 81 C1 C6 44 4A 22 44 3B 30 91 CF FE 9E 35 FB 96 A9 57 EA 06 EB 26 66 58 8C
[2025-05-12 22:36:24][RECV_DECRYPTED] [436] MEMBERS|gp1|-
[2025-05-12 22:36:24][SEND_PLAIN] [436] SYS|-|Group members: Lux Jason 
[2025-05-12 22:36:24][SEND_ENCRYPTED] [436] 13 50 A7 29 0A 42 E7 CB C4 51 26 18 2A ED 48 B9 7E 45 31 74 BA 59 21 02 21 A0 63 07 B3 07 E4 F0
[2025-05-12 22:36:24][RECV_DECRYPTED] [436] MUTED|gp1|-
[2025-05-12 22:36:24][SEND_PLAIN] [436] MUTED|gp1|(No muted members)
[2025-05-12 22:36:24][SEND_ENCRYPTED] [436] 1D D6 19 BE A3 41 1E 3C 60 7D 35 6E C8 3B E4 6D 6F EA 05 0C 92 EA 3E D7 AA 40 F2 BE 29 9E 46 0E
[2025-05-12 22:36:24][GROUP_MUTED_LIST] Group:gp1 User:Lux
[2025-05-12 22:36:32][RECV_DECRYPTED] [436] GROUP|gp1|kieseo

[2025-05-12 22:36:32][SEND_PLAIN] [412] GROUP|gp1|Lux|kieseo

[2025-05-12 22:36:32][SEND_ENCRYPTED] [412] 16 29 32 8F 8F C7 D9 37 0F 41 E2 7B FE C5 23 E2 20 1F 62 E1 2E 50 58 CD
[2025-05-12 22:36:32][GROUP_MSG] Group:gp1 From:Lux Len:7
[2025-05-12 22:36:41][RECV_DECRYPTED] [412] LEAVE|gp1|-
[2025-05-12 22:36:41][SEND_PLAIN] [412] LEAVE|-|gp1
[2025-05-12 22:36:41][SEND_ENCRYPTED] [412] 83 C3 8D E5 2A 9D 2C 3B 7A 84 88 B6 2D 70 F3 92
[2025-05-12 22:36:41][SEND_PLAIN] [436] SYS|-|User Jason has left group gp1
[2025-05-12 22:36:41][SEND_ENCRYPTED] [436] 00 4E 3B 8E A6 25 BD AD FA 48 6D 2F 27 DA AA BB 10 47 FE 6D 59 7D BD 2A 46 A9 90 0B 3B 5E B5 FA 7A 84 88 B6 2D 70 F3 92
[2025-05-12 22:36:41][GROUP_LEAVE] Group:gp1 User:Jason
[2025-05-12 22:36:47][RECV_DECRYPTED] [436] GROUP|gp1|kieseo

[2025-05-12 22:36:47][GROUP_MSG] Group:gp1 From:Lux Len:7
[2025-05-12 22:36:51][RECV_DECRYPTED] [436] MEMBERS|gp1|-
[2025-05-12 22:36:51][SEND_PLAIN] [436] SYS|-|Group members: Lux 
[2025-05-12 22:36:51][SEND_ENCRYPTED] [436] 13 50 A7 29 0A 42 E7 CB C4 51 26 18 2A ED 48 B9 7E 45 31 74 BA 59 21 02 93 14 B3 10 C1 09 20 AA
[2025-05-12 22:36:51][RECV_DECRYPTED] [436] MUTED|gp1|-
[2025-05-12 22:36:51][SEND_PLAIN] [436] MUTED|gp1|(No muted members)
[2025-05-12 22:36:51][SEND_ENCRYPTED] [436] 1D D6 19 BE A3 41 1E 3C 60 7D 35 6E C8 3B E4 6D 6F EA 05 0C 92 EA 3E D7 AA 40 F2 BE 29 9E 46 0E
[2025-05-12 22:36:51][GROUP_MUTED_LIST] Group:gp1 User:Lux
[2025-05-12 22:36:57][RECV_DECRYPTED] [436] LIST|GROUPS|-
[2025-05-12 22:36:57][SEND_PLAIN] [436] GROUPS|-|gp1 (Group owner: Lux),gp2 (Group owner: Jason)
[2025-05-12 22:36:57][SEND_ENCRYPTED] [436] 99 35 D2 45 8E DB F1 22 46 AF A4 A1 87 60 8F F4 93 9D 52 27 D6 23 D5 DC D2 44 E7 86 0F 5D A5 B4 2A 85 C6 1D AD F9 D7 28 B2 80 75 48 0D BC 2F 03 87 AE 13 85 68 A9 56 23 F1 82 E8 71 C4 70 3E 18
[2025-05-12 22:36:58][RECV_DECRYPTED] [436] LIST|GROUPS|-
[2025-05-12 22:36:58][SEND_PLAIN] [436] GROUPS|-|gp1 (Group owner: Lux),gp2 (Group owner: Jason)
[2025-05-12 22:36:58][SEND_ENCRYPTED] [436] 99 35 D2 45 8E DB F1 22 46 AF A4 A1 87 60 8F F4 93 9D 52 27 D6 23 D5 DC D2 44 E7 86 0F 5D A5 B4 2A 85 C6 1D AD F9 D7 28 B2 80 75 48 0D BC 2F 03 87 AE 13 85 68 A9 56 23 F1 82 E8 71 C4 70 3E 18
[2025-05-12 22:37:02][RECV_DECRYPTED] [436] MEMBERS|gp2|-
[2025-05-12 22:37:02][SEND_PLAIN] [436] SYS|-|Group members: Jason 
[2025-05-12 22:37:02][SEND_ENCRYPTED] [436] 13 50 A7 29 0A 42 E7 CB C4 51 26 18 2A ED 48 B9 56 0A CA 49 49 A1 2B 0D B7 CF C2 7F 13 92 93 84
[2025-05-12 22:37:02][RECV_DECRYPTED] [436] MUTED|gp2|-
[2025-05-12 22:37:02][SEND_PLAIN] [436] SYS|-|You are not in this group and cannot view the muted list
[2025-05-12 22:37:02][SEND_ENCRYPTED] [436] D5 76 10 D0 2E 30 88 11 B4 89 3A A3 B3 A9 9C E5 91 E2 86 86 C7 59 9F A4 D3 BB 25 22 36 FB E8 97 67 2D CB DD FC 08 56 40 92 E1 D3 68 83 60 A8 79 1E C5 ED 73 EA B4 8D 02 26 28 4A E8 61 3E 79 76
[2025-05-12 22:37:12][RECV_DECRYPTED] [436] DISBAND|gp1|-
[2025-05-12 22:37:12][SEND_PLAIN] [436] SYS|-|You have disbanded the group gp1
[2025-05-12 22:37:12][SEND_ENCRYPTED] [436] D5 76 10 D0 2E 30 88 11 AE 09 97 AD 4E 44 7D 25 09 24 AC 30 63 48 6D 66 4E 56 AA F4 72 6A 39 7B 8A 61 7F 4C C9 41 EF A4
[2025-05-12 22:37:12][RECV_DECRYPTED] [436] LIST|GROUPS|-
[2025-05-12 22:37:12][SEND_PLAIN] [436] GROUPS|-|gp2 (Group owner: Jason)
[2025-05-12 22:37:12][SEND_ENCRYPTED] [436] 99 35 D2 45 8E DB F1 22 3A 82 34 CE 7B 55 B8 A6 93 9D 52 27 D6 23 D5 DC 9A 5A 50 15 C7 F8 0F FD 4D 70 61 55 85 7F 46 1C
[2025-05-12 22:37:19][RECV_DECRYPTED] [436] LIST|GROUPS|-
[2025-05-12 22:37:19][SEND_PLAIN] [436] GROUPS|-|gp2 (Group owner: Jason)
[2025-05-12 22:37:19][SEND_ENCRYPTED] [436] 99 35 D2 45 8E DB F1 22 3A 82 34 CE 7B 55 B8 A6 93 9D 52 27 D6 23 D5 DC 9A 5A 50 15 C7 F8 0F FD 4D 70 61 55 85 7F 46 1C
[2025-05-12 22:37:26][RECV_DECRYPTED] [436] LEAVE|gp2|-
[2025-05-12 22:37:26][SEND_PLAIN] [436] SYS|-|You are not in this group
[2025-05-12 22:37:26][SEND_ENCRYPTED] [436] D5 76 10 D0 2E 30 88 11 B4 89 3A A3 B3 A9 9C E5 91 E2 86 86 C7 59 9F A4 1F B5 C6 6C 1D 86 DB 91
[2025-05-12 22:37:39][RECV_DECRYPTED] [412] LIST|GROUPS|-
[2025-05-12 22:37:39][SEND_PLAIN] [412] GROUPS|-|gp2 (Group owner: Jason)
[2025-05-12 22:37:39][SEND_ENCRYPTED] [412] 99 35 D2 45 8E DB F1 22 3A 82 34 CE 7B 55 B8 A6 93 9D 52 27 D6 23 D5 DC 9A 5A 50 15 C7 F8 0F FD 4D 70 61 55 85 7F 46 1C
[2025-05-12 22:46:14][DISCONNECT] User:Lux IP:10.253.8.32 Socket:436
[2025-05-12 22:56:46][SERVER] === Server Started ===
[2025-05-12 22:57:32][CONNECT] Socket:204 IP:10.253.8.32
[2025-05-12 22:57:46][RECV_DECRYPTED] [204] LOGIN|Jason|-
[2025-05-12 22:57:46][SEND_PLAIN] [204] LOGIN|-|Jason
[2025-05-12 22:57:46][SEND_ENCRYPTED] [204] 65 F9 AE D9 D4 6C 81 90 09 28 B9 AE 5C 84 9C 2B
[2025-05-12 22:57:46][USER_LOGIN] [204] Jason
[2025-05-12 22:57:56][CONNECT] Socket:392 IP:10.250.37.200
[2025-05-12 22:58:10][RECV_DECRYPTED] [392] LOGIN|us1|-
[2025-05-12 22:58:10][SEND_PLAIN] [392] LOGIN|-|us1
[2025-05-12 22:58:10][SEND_ENCRYPTED] [392] 65 F9 AE D9 D4 6C 81 90 1F 71 11 09 B1 3A 64 A5
[2025-05-12 22:58:10][USER_LOGIN] [392] us1
[2025-05-12 22:58:47][CONNECT] Socket:400 IP:10.253.8.32
[2025-05-12 22:58:54][RECV_DECRYPTED] [400] LOGIN|Lux|-
[2025-05-12 22:58:54][SEND_PLAIN] [400] LOGIN|-|Lux
[2025-05-12 22:58:54][SEND_ENCRYPTED] [400] 65 F9 AE D9 D4 6C 81 90 76 14 E3 7A EE 8F 70 4F
[2025-05-12 22:58:54][USER_LOGIN] [400] Lux
[2025-05-12 22:59:03][RECV_DECRYPTED] [204] LIST|USERS|-
[2025-05-12 22:59:03][SEND_PLAIN] [204] USERS|-|us1,Jason,Lux
[2025-05-12 22:59:03][SEND_ENCRYPTED] [204] A6 36 9A 81 F1 1F CC 0E 8A DE D4 52 28 FB EF 1A 13 BD 26 F6 D2 4B 7D 39
[2025-05-12 22:59:11][RECV_DECRYPTED] [204] LIST|USERS|-
[2025-05-12 22:59:11][SEND_PLAIN] [204] USERS|-|us1,Jason,Lux
[2025-05-12 22:59:11][SEND_ENCRYPTED] [204] A6 36 9A 81 F1 1F CC 0E 8A DE D4 52 28 FB EF 1A 13 BD 26 F6 D2 4B 7D 39
[2025-05-12 22:59:33][RECV_DECRYPTED] [204] CREATE|gp1|-
[2025-05-12 22:59:33][SEND_PLAIN] [204] CREATE|-|gp1
[2025-05-12 22:59:33][SEND_ENCRYPTED] [204] 85 1E 77 E6 69 F7 6E 6E B6 48 2A AA 74 D8 37 C1
[2025-05-12 22:59:33][GROUP_CREATE] Group:gp1 Owner:Jason
[2025-05-12 22:59:44][RECV_DECRYPTED] [400] JOIN|gp1|-
[2025-05-12 22:59:44][SEND_PLAIN] [400] JOIN|-|gp1
[2025-05-12 22:59:44][SEND_ENCRYPTED] [400] 79 8E BC DD 16 3D 83 B6 B5 F4 0F 7A A4 69 B3 B2
[2025-05-12 22:59:44][SEND_PLAIN] [204] SYS|-|User Lux joined group gp1
[2025-05-12 22:59:44][SEND_ENCRYPTED] [204] 00 4E 3B 8E A6 25 BD AD 7B 9F 11 C0 79 E1 C8 F8 A3 95 98 79 DB B4 F9 96 B7 F8 C4 01 79 75 A9 D2
[2025-05-12 22:59:44][GROUP_JOIN] Group:gp1 User:Lux
[2025-05-12 22:59:48][CONNECT] Socket:432 IP:10.250.37.200
[2025-05-12 22:59:50][RECV_DECRYPTED] [400] CREATE|gp2|-
[2025-05-12 22:59:50][SEND_PLAIN] [400] CREATE|-|gp2
[2025-05-12 22:59:50][SEND_ENCRYPTED] [400] 85 1E 77 E6 69 F7 6E 6E 54 2F 74 6B F3 A6 F8 85
[2025-05-12 22:59:50][GROUP_CREATE] Group:gp2 Owner:Lux
[2025-05-12 22:59:56][RECV_DECRYPTED] [432] LOGIN|us2|-
[2025-05-12 22:59:56][SEND_PLAIN] [432] LOGIN|-|us2
[2025-05-12 22:59:56][SEND_ENCRYPTED] [432] 65 F9 AE D9 D4 6C 81 90 FC D0 8F 86 FF D0 06 5E
[2025-05-12 22:59:56][USER_LOGIN] [432] us2
[2025-05-12 23:00:01][RECV_DECRYPTED] [204] LIST|USERS|-
[2025-05-12 23:00:01][SEND_PLAIN] [204] USERS|-|us1,Jason,Lux,us2
[2025-05-12 23:00:01][SEND_ENCRYPTED] [204] A6 36 9A 81 F1 1F CC 0E 8A DE D4 52 28 FB EF 1A 5D 73 40 30 FF 8D E9 F8 0C FB 11 50 2A 5D 80 6A
[2025-05-12 23:00:27][RECV_DECRYPTED] [392] JOIN|group1|-
[2025-05-12 23:00:27][SEND_PLAIN] [392] SYS|-|The group does not exist, please create it or check the name
[2025-05-12 23:00:27][SEND_ENCRYPTED] [392] D4 66 DE F8 3E 34 82 51 8D 16 33 CD 77 9F 52 63 79 54 AE FA 39 F8 9C 1D 9B 77 F0 E3 3F 64 6A 35 8A B5 7A 64 C0 9F AF 4F B3 99 F5 E8 7C 03 ED 8F 3A 57 05 22 25 20 38 CE 7E A2 AB EE 7C 4C AA 80 96 D3 7D D5 96 D0 34 61
[2025-05-12 23:00:37][RECV_DECRYPTED] [392] JOIN|gp1|-
[2025-05-12 23:00:37][SEND_PLAIN] [392] JOIN|-|gp1
[2025-05-12 23:00:37][SEND_ENCRYPTED] [392] 79 8E BC DD 16 3D 83 B6 B5 F4 0F 7A A4 69 B3 B2
[2025-05-12 23:00:37][SEND_PLAIN] [204] SYS|-|User us1 joined group gp1
[2025-05-12 23:00:37][SEND_ENCRYPTED] [204] 00 4E 3B 8E A6 25 BD AD AC FE 0C 5A D9 BE 22 67 A3 95 98 79 DB B4 F9 96 B7 F8 C4 01 79 75 A9 D2
[2025-05-12 23:00:37][SEND_PLAIN] [400] SYS|-|User us1 joined group gp1
[2025-05-12 23:00:37][SEND_ENCRYPTED] [400] 00 4E 3B 8E A6 25 BD AD AC FE 0C 5A D9 BE 22 67 A3 95 98 79 DB B4 F9 96 B7 F8 C4 01 79 75 A9 D2
[2025-05-12 23:00:37][GROUP_JOIN] Group:gp1 User:us1
[2025-05-12 23:00:42][RECV_DECRYPTED] [392] JOIN|gp2|-
[2025-05-12 23:00:42][SEND_PLAIN] [392] JOIN|-|gp2
[2025-05-12 23:00:42][SEND_ENCRYPTED] [392] 79 8E BC DD 16 3D 83 B6 88 07 25 43 45 25 80 84
[2025-05-12 23:00:42][SEND_PLAIN] [400] SYS|-|User us1 joined group gp2
[2025-05-12 23:00:42][SEND_ENCRYPTED] [400] 00 4E 3B 8E A6 25 BD AD AC FE 0C 5A D9 BE 22 67 A3 95 98 79 DB B4 F9 96 E2 62 FF EB 7F 39 80 46
[2025-05-12 23:00:42][GROUP_JOIN] Group:gp2 User:us1
[2025-05-12 23:01:06][RECV_DECRYPTED] [392] GROUP|gp1|111'
[2025-05-12 23:01:06][SEND_PLAIN] [204] GROUP|gp1|us1|111'
[2025-05-12 23:01:06][SEND_ENCRYPTED] [204] 16 29 32 8F 8F C7 D9 37 26 C2 64 E7 8E D6 90 AA 93 5C DA B9 91 9F 37 E8
[2025-05-12 23:01:06][SEND_PLAIN] [400] GROUP|gp1|us1|111'
[2025-05-12 23:01:06][SEND_ENCRYPTED] [400] 16 29 32 8F 8F C7 D9 37 26 C2 64 E7 8E D6 90 AA 93 5C DA B9 91 9F 37 E8
[2025-05-12 23:01:06][GROUP_MSG] Group:gp1 From:us1 Len:4
[2025-05-12 23:01:07][CONNECT] Socket:332 IP:10.253.8.32
[2025-05-12 23:01:11][RECV_DECRYPTED] [332] LOGIN|us3|-
[2025-05-12 23:01:11][SEND_PLAIN] [332] LOGIN|-|us3
[2025-05-12 23:01:11][SEND_ENCRYPTED] [332] 65 F9 AE D9 D4 6C 81 90 0C EB FE E2 6F 7A B8 22
[2025-05-12 23:01:11][USER_LOGIN] [332] us3
[2025-05-12 23:01:18][RECV_DECRYPTED] [332] JOIN|gp2|-
[2025-05-12 23:01:18][SEND_PLAIN] [332] JOIN|-|gp2
[2025-05-12 23:01:18][SEND_ENCRYPTED] [332] 79 8E BC DD 16 3D 83 B6 88 07 25 43 45 25 80 84
[2025-05-12 23:01:18][SEND_PLAIN] [400] SYS|-|User us3 joined group gp2
[2025-05-12 23:01:18][SEND_ENCRYPTED] [400] 00 4E 3B 8E A6 25 BD AD 82 F3 44 32 A0 0B B1 A0 A3 95 98 79 DB B4 F9 96 E2 62 FF EB 7F 39 80 46
[2025-05-12 23:01:18][SEND_PLAIN] [392] SYS|-|User us3 joined group gp2
[2025-05-12 23:01:18][SEND_ENCRYPTED] [392] 00 4E 3B 8E A6 25 BD AD 82 F3 44 32 A0 0B B1 A0 A3 95 98 79 DB B4 F9 96 E2 62 FF EB 7F 39 80 46
[2025-05-12 23:01:18][GROUP_JOIN] Group:gp2 User:us3
[2025-05-12 23:01:58][RECV_DECRYPTED] [400] MEMBERS|gp1|-
[2025-05-12 23:01:58][SEND_PLAIN] [400] SYS|-|Group members: Jason Lux us1 
[2025-05-12 23:01:59][SEND_ENCRYPTED] [400] 13 50 A7 29 0A 42 E7 CB C4 51 26 18 2A ED 48 B9 56 0A CA 49 49 A1 2B 0D 61 17 45 0D 87 CA 2D 57 3D 83 72 13 89 62 82 CD
[2025-05-12 23:02:31][RECV_DECRYPTED] [392] CREATE|111|-
[2025-05-12 23:02:31][SEND_PLAIN] [392] CREATE|-|111
[2025-05-12 23:02:31][SEND_ENCRYPTED] [392] 85 1E 77 E6 69 F7 6E 6E A1 48 53 FB AA 96 4F 72
[2025-05-12 23:02:31][GROUP_CREATE] Group:111 Owner:us1
[2025-05-12 23:02:43][RECV_DECRYPTED] [432] JOIN|111|-
[2025-05-12 23:02:43][SEND_PLAIN] [432] JOIN|-|111
[2025-05-12 23:02:43][SEND_ENCRYPTED] [432] 39 3D A4 D5 FB B5 F5 44 1E 0A D0 7A 19 E7 0F F7
[2025-05-12 23:02:43][SEND_PLAIN] [392] SYS|-|User us2 joined group 111
[2025-05-12 23:02:43][SEND_ENCRYPTED] [392] 00 4E 3B 8E A6 25 BD AD 31 4E 83 97 9D 6B 4D 4A A3 95 98 79 DB B4 F9 96 56 A3 0A 21 EC 05 63 74
[2025-05-12 23:02:43][GROUP_JOIN] Group:111 User:us2
[2025-05-12 23:03:01][RECV_DECRYPTED] [392] MUTE|111|us2
[2025-05-12 23:03:01][SEND_PLAIN] [392] SYS|-|User us2 has been muted
[2025-05-12 23:03:01][SEND_ENCRYPTED] [392] 00 4E 3B 8E A6 25 BD AD 72 06 81 70 F7 32 77 B1 1C E8 9A 68 8B A0 26 AB C0 C4 5D E2 4D 6F 3B 75
[2025-05-12 23:03:05][RECV_DECRYPTED] [204] PRIVATE|us1|hello123123123123
[2025-05-12 23:03:05][SEND_PLAIN] [392] PRIVATE|Jason|hello123123123123
[2025-05-12 23:03:05][SEND_ENCRYPTED] [392] C4 53 DB 48 99 2A 23 BD 3B CB 45 66 0B C6 02 69 9E 0D 2B 0D D4 2A 95 FF F0 9E E4 E8 36 71 33 7A
[2025-05-12 23:03:05][PRIVATE_MSG] From:Jason To:us1 Len:17
[2025-05-12 23:03:15][RECV_DECRYPTED] [432] GROUP|111|111'
[2025-05-12 23:03:15][SEND_PLAIN] [432] SYS|-|You have been muted by the group owner and cannot speak
[2025-05-12 23:03:15][SEND_ENCRYPTED] [432] D5 76 10 D0 2E 30 88 11 96 7F F5 FE 07 31 75 05 9F 60 BD B1 D5 74 2E 4F B7 06 0A 61 B5 38 61 13 2D 79 98 53 ED 8B C1 46 68 CF 44 FF F5 C0 3D FD 46 58 79 D5 5F 30 49 E5 84 EC D3 E5 E0 80 3C 15
[2025-05-12 23:03:25][RECV_DECRYPTED] [400] PRIVATE|Jason|9239239238sf
[2025-05-12 23:03:25][SEND_PLAIN] [204] PRIVATE|Lux|9239239238sf
[2025-05-12 23:03:25][SEND_ENCRYPTED] [204] C4 53 DB 48 99 2A 23 BD E1 24 85 33 68 B3 7D 06 BD 56 18 E4 E9 F5 E9 80 F1 82 E8 71 C4 70 3E 18
[2025-05-12 23:03:25][PRIVATE_MSG] From:Lux To:Jason Len:12
[2025-05-12 23:03:34][RECV_DECRYPTED] [392] UNMUTE|111|us2
[2025-05-12 23:03:34][SEND_PLAIN] [392] SYS|-|User us2 has been unmuted
[2025-05-12 23:03:34][SEND_ENCRYPTED] [392] 00 4E 3B 8E A6 25 BD AD 72 06 81 70 F7 32 77 B1 1C E8 9A 68 8B A0 26 AB 3D C3 22 0E 51 C6 7D F1
[2025-05-12 23:03:50][RECV_DECRYPTED] [392] KICK|111|us2
[2025-05-12 23:03:50][SEND_PLAIN] [432] SYS|-|You have been kicked out of the group 111
[2025-05-12 23:03:50][SEND_ENCRYPTED] [432] D5 76 10 D0 2E 30 88 11 96 7F F5 FE 07 31 75 05 6B CA 31 2E F7 66 4B 81 D0 49 3B 92 68 67 33 10 0B B1 9D 1B 4B 66 3E 15 56 A3 0A 21 EC 05 63 74
[2025-05-12 23:03:50][SEND_PLAIN] [392] SYS|-|User us2 has been kicked out of the group 111
[2025-05-12 23:03:50][SEND_ENCRYPTED] [392] 00 4E 3B 8E A6 25 BD AD 72 06 81 70 F7 32 77 B1 1C E8 9A 68 8B A0 26 AB D2 99 74 8D 14 91 5F 4A 49 B1 92 0A 2D 88 77 FD 8D 16 33 CD 77 9F 52 63 C5 4E 22 C6 B0 3B 93 B5
[2025-05-12 23:03:54][RECV_DECRYPTED] [332] LIST|GROUPS|-
[2025-05-12 23:03:54][SEND_PLAIN] [332] GROUPS|-|gp1 (Group owner: Jason),gp2 (Group owner: Lux),111 (Group owner: us1)
[2025-05-12 23:03:54][SEND_ENCRYPTED] [332] 99 35 D2 45 8E DB F1 22 46 AF A4 A1 87 60 8F F4 93 9D 52 27 D6 23 D5 DC 9A 5A 50 15 C7 F8 0F FD 58 D3 8D 4B 7B CF 0A EA CE 94 6E B7 E7 1D 11 DE 6E B1 37 47 97 3F 5C 8E 83 AF E8 91 87 AF AB 56 93 9D 52 27 D6 23 D5 DC 27 C0 2D 9A F8 10 F7 B4
[2025-05-12 23:04:04][RECV_DECRYPTED] [332] JOIN|111|-
[2025-05-12 23:04:04][SEND_PLAIN] [332] JOIN|-|111
[2025-05-12 23:04:04][SEND_ENCRYPTED] [332] 39 3D A4 D5 FB B5 F5 44 1E 0A D0 7A 19 E7 0F F7
[2025-05-12 23:04:04][SEND_PLAIN] [392] SYS|-|User us3 joined group 111
[2025-05-12 23:04:04][SEND_ENCRYPTED] [392] 00 4E 3B 8E A6 25 BD AD 82 F3 44 32 A0 0B B1 A0 A3 95 98 79 DB B4 F9 96 56 A3 0A 21 EC 05 63 74
[2025-05-12 23:04:04][GROUP_JOIN] Group:111 User:us3
[2025-05-12 23:04:16][RECV_DECRYPTED] [332] GROUP|111|hello999999
[2025-05-12 23:04:16][SEND_PLAIN] [392] GROUP|111|us3|hello999999
[2025-05-12 23:04:16][SEND_ENCRYPTED] [392] 1D 0E 38 6E 64 7B 3C CE 33 7C 60 70 2E 50 EA 50 F9 45 E8 CB A5 B4 29 5A 67 80 1B EE 51 91 6B 4F
[2025-05-12 23:04:16][GROUP_MSG] Group:111 From:us3 Len:11
[2025-05-12 23:04:18][RECV_DECRYPTED] [432] JOIN|111|-
[2025-05-12 23:04:18][SEND_PLAIN] [432] JOIN|-|111
[2025-05-12 23:04:18][SEND_ENCRYPTED] [432] 39 3D A4 D5 FB B5 F5 44 1E 0A D0 7A 19 E7 0F F7
[2025-05-12 23:04:18][SEND_PLAIN] [392] SYS|-|User us2 joined group 111
[2025-05-12 23:04:18][SEND_ENCRYPTED] [392] 00 4E 3B 8E A6 25 BD AD 31 4E 83 97 9D 6B 4D 4A A3 95 98 79 DB B4 F9 96 56 A3 0A 21 EC 05 63 74
[2025-05-12 23:04:18][SEND_PLAIN] [332] SYS|-|User us2 joined group 111
[2025-05-12 23:04:18][SEND_ENCRYPTED] [332] 00 4E 3B 8E A6 25 BD AD 31 4E 83 97 9D 6B 4D 4A A3 95 98 79 DB B4 F9 96 56 A3 0A 21 EC 05 63 74
[2025-05-12 23:04:18][GROUP_JOIN] Group:111 User:us2
[2025-05-12 23:04:24][RECV_DECRYPTED] [432] LEAVE|111|-
[2025-05-12 23:04:24][SEND_PLAIN] [432] LEAVE|-|111
[2025-05-12 23:04:24][SEND_ENCRYPTED] [432] 83 C3 8D E5 2A 9D 2C 3B C5 4E 22 C6 B0 3B 93 B5
[2025-05-12 23:04:24][SEND_PLAIN] [392] SYS|-|User us2 has left group 111
[2025-05-12 23:04:24][SEND_ENCRYPTED] [392] 00 4E 3B 8E A6 25 BD AD 72 06 81 70 F7 32 77 B1 D7 DB 27 40 66 10 89 E6 08 50 5B 51 E4 C1 0C 61 11 E0 1B BF AF 84 F9 D5
[2025-05-12 23:04:24][SEND_PLAIN] [332] SYS|-|User us2 has left group 111
[2025-05-12 23:04:24][SEND_ENCRYPTED] [332] 00 4E 3B 8E A6 25 BD AD 72 06 81 70 F7 32 77 B1 D7 DB 27 40 66 10 89 E6 08 50 5B 51 E4 C1 0C 61 11 E0 1B BF AF 84 F9 D5
[2025-05-12 23:04:24][GROUP_LEAVE] Group:111 User:us2
[2025-05-12 23:05:36][RECV_DECRYPTED] [392] MEMBERS|111|-
[2025-05-12 23:05:36][SEND_PLAIN] [392] SYS|-|Group members: us1 us3 
[2025-05-12 23:05:36][SEND_ENCRYPTED] [392] 13 50 A7 29 0A 42 E7 CB C4 51 26 18 2A ED 48 B9 CA 3D 70 B0 93 7A CF 61 4B B7 37 A5 07 60 25 CC
[2025-05-12 23:06:01][RECV_DECRYPTED] [332] MEMBERS|111|-
[2025-05-12 23:06:01][SEND_PLAIN] [332] SYS|-|Group members: us1 us3 
[2025-05-12 23:06:01][SEND_ENCRYPTED] [332] 13 50 A7 29 0A 42 E7 CB C4 51 26 18 2A ED 48 B9 CA 3D 70 B0 93 7A CF 61 4B B7 37 A5 07 60 25 CC
[2025-05-12 23:06:12][RECV_DECRYPTED] [392] MUTE|111|us2
[2025-05-12 23:06:12][SEND_PLAIN] [392] SYS|-|The user is not in the group and cannot be muted
[2025-05-12 23:06:12][SEND_ENCRYPTED] [392] D4 66 DE F8 3E 34 82 51 FF 88 21 F0 23 D6 1E 45 CD DA F6 03 09 4E 31 F0 4E 56 AA F4 72 6A 39 7B DC F4 87 EF 57 FF C9 C2 80 8F 6A B2 1A DC AD DC A6 72 FD 94 4D 28 70 E5
[2025-05-12 23:06:20][RECV_DECRYPTED] [392] LOGIN|admin|-
[2025-05-12 23:06:20][SEND_PLAIN] [392] LOGIN|-|admin (You are now the admin)
[2025-05-12 23:06:20][SEND_ENCRYPTED] [392] 65 F9 AE D9 D4 6C 81 90 ED 10 E4 55 56 9A 86 9D AC 4E 80 08 8D D3 37 52 D6 44 5D 1E FE DF C9 66 A9 C1 DE 38 B1 F0 82 06
[2025-05-12 23:06:20][USER_LOGIN] [392] admin
[2025-05-12 23:07:10][RECV_DECRYPTED] [432] ASSIGN|222|us2 us3
[2025-05-12 23:07:10][SEND_PLAIN] [432] SYS|-|only admin can add user to the group
[2025-05-12 23:07:10][SEND_ENCRYPTED] [432] 12 AA 1D 27 D1 8A 39 8F 21 88 B9 26 4C 63 A4 97 F3 66 D9 15 55 95 A7 FA 72 6E DF CA 5C 75 D5 71 4E 56 AA F4 72 6A 39 7B E9 17 E6 7F C0 8E 06 5B
[2025-05-12 23:07:27][RECV_DECRYPTED] [432] DELETEUSER|us1|-
[2025-05-12 23:07:27][SEND_PLAIN] [432] SYS|-|Only the administrator can perform this operation.
[2025-05-12 23:07:27][SEND_ENCRYPTED] [432] 46 E5 4B A7 D8 E9 71 3E A3 68 74 D6 30 23 0E 8B CF 6A 70 BA 46 CE B9 39 71 68 F1 C9 6C 40 77 D6 30 34 80 2A 0D 00 C8 E7 A7 CD 65 BD AB 67 1A A8 C3 E5 71 F9 F7 7C 3C BD F1 82 E8 71 C4 70 3E 18
